<?xml version='1.0' encoding='UTF-8'?>
<testsuite hostname="Liams-MacBook-Pro-3.local" name="edu.colorado.csci3155.project1.CompilerTest" tests="17" errors="0" failures="0" skipped="0" time="0.018" timestamp="2025-10-17T13:39:57">
          <properties>
[...]
</properties>
          <testcase classname="edu.colorado.csci3155.project1.CompilerTest" name="simple expression 1" time="0.007">
                      
                    </testcase><testcase classname="edu.colorado.csci3155.project1.CompilerTest" name="simple expression 2" time="0.001">
                      
                    </testcase><testcase classname="edu.colorado.csci3155.project1.CompilerTest" name="simple expression 3" time="0.001">
                      
                    </testcase><testcase classname="edu.colorado.csci3155.project1.CompilerTest" name="simple expression 4" time="0.002">
                      
                    </testcase><testcase classname="edu.colorado.csci3155.project1.CompilerTest" name="LetBinding + Id Test 1" time="0.001">
                      
                    </testcase><testcase classname="edu.colorado.csci3155.project1.CompilerTest" name="LetBinding + Id Test 2" time="0.0">
                      
                    </testcase><testcase classname="edu.colorado.csci3155.project1.CompilerTest" name="LetBinding + Id Test 3" time="0.0">
                      
                    </testcase><testcase classname="edu.colorado.csci3155.project1.CompilerTest" name="LetBinding + Id Test 4" time="0.0">
                      
                    </testcase><testcase classname="edu.colorado.csci3155.project1.CompilerTest" name="LetBinding + Id Test 5" time="0.002">
                      
                    </testcase><testcase classname="edu.colorado.csci3155.project1.CompilerTest" name="If-then-else-test-1" time="0.002">
                      
                    </testcase><testcase classname="edu.colorado.csci3155.project1.CompilerTest" name="If-then-else-test-2" time="0.001">
                      
                    </testcase><testcase classname="edu.colorado.csci3155.project1.CompilerTest" name="test-and-simple-1" time="0.0">
                      
                    </testcase><testcase classname="edu.colorado.csci3155.project1.CompilerTest" name="test-and-simple-2" time="0.0">
                      
                    </testcase><testcase classname="edu.colorado.csci3155.project1.CompilerTest" name="test-and-simple-3" time="0.0">
                      
                    </testcase><testcase classname="edu.colorado.csci3155.project1.CompilerTest" name="test-or-simple-1" time="0.001">
                      
                    </testcase><testcase classname="edu.colorado.csci3155.project1.CompilerTest" name="test-or-not-1" time="0.0">
                      
                    </testcase><testcase classname="edu.colorado.csci3155.project1.CompilerTest" name="test-let-binding-1" time="0.0">
                      
                    </testcase>
          <system-out><![CDATA[]]></system-out>
          <system-err><![CDATA[]]></system-err>
        </testsuite>